<?xml version="1.0" encoding="UTF-8"?>
<TestRun id="047d3a5d-ea0c-4045-8e52-e88ffea54cf8" name="Z06974@TP75087 2014-07-14 22:32:03" runUser="APSC\Z06974" xmlns="http://microsoft.com/schemas/VisualStudio/TeamTest/2010">
  <TestSettings name="Local" id="ae15d030-af2b-49cc-9fab-d3bbb187682d">
    <Description>These are default test settings for a local test run.</Description>
    <Deployment enabled="false" runDeploymentRoot="Z06974_TP75087 2014-07-14 22_32_03">
      <DeploymentItem filename="C:\fun\IconicaPieces\bin\Debug\IconicaPieces.dll" />
    </Deployment>
    <Execution>
      <TestTypeSpecific />
      <AgentRule name="Execution Agents">
      </AgentRule>
    </Execution>
  </TestSettings>
  <Times creation="2014-07-14T22:32:03.3973453-07:00" queuing="2014-07-14T22:32:03.4597454-07:00" start="2014-07-14T22:32:03.4909454-07:00" finish="2014-07-14T22:32:03.7561459-07:00" />
  <ResultSummary outcome="Failed">
    <Counters total="1" executed="1" error="0" failed="1" timeout="0" aborted="0" inconclusive="0" passedButRunAborted="0" notRunnable="0" notExecuted="0" disconnected="0" warning="0" passed="0" completed="0" inProgress="0" pending="0" />
  </ResultSummary>
  <TestDefinitions>
    <UnitTest name="TestChooseCharacter" storage="c:\fun\iconicadotnet\iconicatests\bin\debug\iconicatests.dll" id="612ecfee-c76f-f47c-7b52-c797edc4e3f6">
      <Execution id="2db8de04-7cd7-40e0-8de0-eaf7330e7ac3" />
      <TestMethod codeBase="C:/fun/IconicaDotNet/IconicaTests/bin/Debug/IconicaTests.DLL" adapterTypeName="Microsoft.VisualStudio.TestTools.TestTypes.Unit.UnitTestAdapter, Microsoft.VisualStudio.QualityTools.Tips.UnitTest.Adapter, Version=10.0.0.0, Culture=neutral, PublicKeyToken=b03f5f7f11d50a3a" className="IconicaTests.PlayerTests, IconicaTests, Version=1.0.0.0, Culture=neutral, PublicKeyToken=null" name="TestChooseCharacter" />
    </UnitTest>
  </TestDefinitions>
  <TestLists>
    <TestList name="Results Not in a List" id="8c84fa94-04c1-424b-9868-57a2d4851a1d" />
    <TestList name="All Loaded Results" id="19431567-8539-422a-85d7-44ee4e166bda" />
  </TestLists>
  <TestEntries>
    <TestEntry testId="612ecfee-c76f-f47c-7b52-c797edc4e3f6" executionId="2db8de04-7cd7-40e0-8de0-eaf7330e7ac3" testListId="8c84fa94-04c1-424b-9868-57a2d4851a1d" />
  </TestEntries>
  <Results>
    <UnitTestResult executionId="2db8de04-7cd7-40e0-8de0-eaf7330e7ac3" testId="612ecfee-c76f-f47c-7b52-c797edc4e3f6" testName="TestChooseCharacter" computerName="TP75087" duration="00:00:00.0275099" startTime="2014-07-14T22:32:03.5065455-07:00" endTime="2014-07-14T22:32:03.7405459-07:00" testType="13cdc9d9-ddb5-4fa4-a97d-d965ccfc6d4b" outcome="Failed" testListId="8c84fa94-04c1-424b-9868-57a2d4851a1d" relativeResultsDirectory="2db8de04-7cd7-40e0-8de0-eaf7330e7ac3">
      <Output>
        <ErrorInfo>
          <Message>Test method IconicaTests.PlayerTests.TestChooseCharacter threw exception: 
System.NullReferenceException: Object reference not set to an instance of an object.</Message>
          <StackTrace>    at IconicaTests.PlayerTests.TestChooseCharacter() in C:\fun\IconicaDotNet\IconicaTests\PlayerTests.cs:line 18
</StackTrace>
        </ErrorInfo>
      </Output>
    </UnitTestResult>
  </Results>
</TestRun>